[26-May-2025 18:22:43 Europe/Berlin] PHP Warning:  require_once(../db.php): Failed to open stream: No such file or directory in C:\xampp\htdocs\akmad\includes\header.php on line 2
[26-May-2025 18:22:43 Europe/Berlin] PHP Fatal error:  Uncaught Error: Failed opening required '../db.php' (include_path='C:\xampp\php\PEAR') in C:\xampp\htdocs\akmad\includes\header.php:2
Stack trace:
#0 C:\xampp\htdocs\akmad\search_books.php(42): include()
#1 {main}
  thrown in C:\xampp\htdocs\akmad\includes\header.php on line 2
[26-May-2025 19:26:56 Europe/Berlin] PHP Warning:  Undefined array key "checkout_id" in C:\xampp\htdocs\akmad\student_dashboard.php on line 97
[26-May-2025 19:28:02 Europe/Berlin] PHP Warning:  Undefined array key "checkout_id" in C:\xampp\htdocs\akmad\student_dashboard.php on line 97
[26-May-2025 19:28:40 Europe/Berlin] PHP Warning:  Undefined array key "checkout_id" in C:\xampp\htdocs\akmad\student_dashboard.php on line 97
[26-May-2025 19:29:04 Europe/Berlin] PHP Warning:  Undefined array key "checkout_id" in C:\xampp\htdocs\akmad\student_dashboard.php on line 97
[26-May-2025 19:29:13 Europe/Berlin] PHP Warning:  Undefined array key "checkout_id" in C:\xampp\htdocs\akmad\student_dashboard.php on line 97
[26-May-2025 19:31:10 Europe/Berlin] PHP Warning:  Undefined array key "checkout_id" in C:\xampp\htdocs\akmad\student_dashboard.php on line 97
[26-May-2025 19:31:19 Europe/Berlin] PHP Warning:  Undefined array key "checkout_id" in C:\xampp\htdocs\akmad\student_dashboard.php on line 97
[26-May-2025 19:31:23 Europe/Berlin] PHP Warning:  Undefined array key "checkout_id" in C:\xampp\htdocs\akmad\student_dashboard.php on line 97
[26-May-2025 19:31:27 Europe/Berlin] PHP Warning:  Undefined array key "checkout_id" in C:\xampp\htdocs\akmad\student_dashboard.php on line 97
[26-May-2025 19:31:29 Europe/Berlin] PHP Warning:  Undefined array key "checkout_id" in C:\xampp\htdocs\akmad\student_dashboard.php on line 97
[26-May-2025 19:31:36 Europe/Berlin] PHP Warning:  Undefined array key "checkout_id" in C:\xampp\htdocs\akmad\student_dashboard.php on line 97
[26-May-2025 19:31:39 Europe/Berlin] PHP Warning:  Undefined array key "checkout_id" in C:\xampp\htdocs\akmad\student_dashboard.php on line 97
[26-May-2025 19:31:41 Europe/Berlin] PHP Warning:  Undefined array key "checkout_id" in C:\xampp\htdocs\akmad\student_dashboard.php on line 97
[26-May-2025 19:38:11 Europe/Berlin] PHP Warning:  Undefined array key "checkout_id" in C:\xampp\htdocs\akmad\student_dashboard.php on line 97
[26-May-2025 19:38:14 Europe/Berlin] PHP Warning:  Undefined array key "checkout_id" in C:\xampp\htdocs\akmad\student_dashboard.php on line 97
[26-May-2025 19:38:16 Europe/Berlin] PHP Warning:  Undefined array key "checkout_id" in C:\xampp\htdocs\akmad\student_dashboard.php on line 97
[26-May-2025 19:47:17 Europe/Berlin] PHP Warning:  Undefined array key "checkout_id" in C:\xampp\htdocs\akmad\student_dashboard.php on line 102
[26-May-2025 19:47:41 Europe/Berlin] PHP Warning:  Undefined array key "name" in C:\xampp\htdocs\akmad\register.php on line 13
[26-May-2025 19:47:56 Europe/Berlin] PHP Warning:  Undefined array key "name" in C:\xampp\htdocs\akmad\register.php on line 13
[26-May-2025 19:48:00 Europe/Berlin] PHP Warning:  Undefined array key "name" in C:\xampp\htdocs\akmad\register.php on line 13
[26-May-2025 19:48:19 Europe/Berlin] PHP Warning:  Undefined array key "name" in C:\xampp\htdocs\akmad\register.php on line 13
[26-May-2025 19:48:22 Europe/Berlin] PHP Warning:  Undefined array key "name" in C:\xampp\htdocs\akmad\register.php on line 13
[26-May-2025 19:50:49 Europe/Berlin] PHP Warning:  Undefined array key "name" in C:\xampp\htdocs\akmad\register.php on line 13
